<?xml version="1.0" encoding="UTF-8"?>
<testng-results ignored="0" total="2" passed="2" failed="0" skipped="0">
  <reporter-output>
  </reporter-output>
  <suite started-at="2023-05-20T15:14:31 IST" name="Default suite" finished-at="2023-05-20T15:14:31 IST" duration-ms="84">
    <groups>
    </groups>
    <test started-at="2023-05-20T15:14:31 IST" name="Default test" finished-at="2023-05-20T15:14:31 IST" duration-ms="84">
      <class name="TestNG.DemoTestNG">
        <test-method signature="sub()[pri:1, instance:TestNG.DemoTestNG@159f197]" started-at="2023-05-20T15:14:31 IST" name="sub" finished-at="2023-05-20T15:14:31 IST" duration-ms="21" status="PASS">
          <reporter-output>
          </reporter-output>
        </test-method> <!-- sub -->
        <test-method signature="add()[pri:2, instance:TestNG.DemoTestNG@159f197]" started-at="2023-05-20T15:14:31 IST" name="add" finished-at="2023-05-20T15:14:31 IST" duration-ms="3" status="PASS">
          <reporter-output>
          </reporter-output>
        </test-method> <!-- add -->
      </class> <!-- TestNG.DemoTestNG -->
    </test> <!-- Default test -->
  </suite> <!-- Default suite -->
</testng-results>
